#
# There is insufficient memory for the Java Runtime Environment to continue.
# Native memory allocation (mmap) failed to map 65536 bytes for Failed to commit area from 0x000001615d5e0000 to 0x000001615d5f0000 of length 65536.
# Possible reasons:
#   The system is out of physical RAM or swap space
#   The process is running with CompressedOops enabled, and the Java Heap may be blocking the growth of the native heap
# Possible solutions:
#   Reduce memory load on the system
#   Increase physical memory or swap space
#   Check if swap backing store is full
#   Decrease Java heap size (-Xmx/-Xms)
#   Decrease number of Java threads
#   Decrease Java thread stack sizes (-Xss)
#   Set larger code cache with -XX:ReservedCodeCacheSize=
# This output file may be truncated or incomplete.
#
#  Out of Memory Error (./src/hotspot/os/windows/os_windows.cpp:3301), pid=23576, tid=26992
#
# JRE version:  (11.0.11+9) (build )
# Java VM: OpenJDK 64-Bit Server VM (11.0.11+9, mixed mode, sharing, tiered, compressed oops, g1 gc, windows-amd64)
# No core dump will be written. Minidumps are not enabled by default on client versions of Windows
#

---------------  S U M M A R Y ------------

Command Line: --module-path=D:\javafx\javafx-sdk-16\lib --add-modules=javafx.controls,javafx.fxml,javafx.web,javafx.swing,javafx.media -Dfile.encoding=Cp1252 hust.soict.dsai.test.cart.CartTest

Host: Intel(R) Core(TM) i7-9750H CPU @ 2.60GHz, 12 cores, 7G,  Windows 10 , 64 bit Build 19041 (10.0.19041.928)
Time: Sun May 23 01:13:10 2021 SE Asia Standard Time elapsed time: 0.158837 seconds (0d 0h 0m 0s)

---------------  T H R E A D  ---------------

Current thread (0x000001614449c800):  JavaThread "Unknown thread" [_thread_in_vm, id=26992, stack(0x0000002b52b00000,0x0000002b52c00000)]

Stack: [0x0000002b52b00000,0x0000002b52c00000]
Native frames: (J=compiled Java code, j=interpreted, Vv=VM code, C=native code)
V  [jvm.dll+0x5f7e5a]
V  [jvm.dll+0x77ff2e]
V  [jvm.dll+0x7815ff]
V  [jvm.dll+0x781cc3]
V  [jvm.dll+0x247408]
V  [jvm.dll+0x5f500a]
V  [jvm.dll+0x5e9b05]
V  [jvm.dll+0x2fc26c]
V  [jvm.dll+0x2fc0f2]
V  [jvm.dll+0x300ec0]
V  [jvm.dll+0x345882]
V  [jvm.dll+0x3452a0]
V  [jvm.dll+0x2d9498]
V  [jvm.dll+0x2da5e6]
V  [jvm.dll+0x75b577]
V  [jvm.dll+0x75ccff]
V  [jvm.dll+0x3525e9]
V  [jvm.dll+0x73e660]
V  [jvm.dll+0x3b9ddf]
V  [jvm.dll+0x3bc2e1]
C  [jli.dll+0x520b]
C  [ucrtbase.dll+0x21bb2]
C  [KERNEL32.DLL+0x17034]
C  [ntdll.dll+0x52651]


---------------  P R O C E S S  ---------------

Threads class SMR info:
_java_thread_list=0x00000161429653e0, length=0, elements={
}

Java Threads: ( => current thread )

Other Threads:
  0x00000161444b4000 GCTaskThread "GC Thread#0" [stack: 0x0000002b52c00000,0x0000002b52d00000] [id=25428]
  0x00000161444e6000 ConcurrentGCThread "G1 Main Marker" [stack: 0x0000002b52d00000,0x0000002b52e00000] [id=20680]
  0x00000161444e9800 ConcurrentGCThread "G1 Conc#0" [stack: 0x0000002b52e00000,0x0000002b52f00000] [id=16204]

[error occurred during error reporting (printing all threads), id 0xc0000005, EXCEPTION_ACCESS_VIOLATION (0xc0000005) at pc=0x00007ffc2f168b57]

VM state:not at safepoint (not fully initialized)

VM Mutex/Monitor currently owned by a thread:  ([mutex/lock_event])
[0x00000161444983f0] Heap_lock - owner thread: 0x000001614449c800

Heap address: 0x0000000081e00000, size: 2018 MB, Compressed Oops mode: Non-zero based: 0x0000000081e00000
Narrow klass base: 0x0000000000000000, Narrow klass shift: 0

GC Heap History (0 events):
No events

Deoptimization events (0 events):
No events

Classes redefined (0 events):
No events

Internal exceptions (0 events):
No events

Events (1 events):
Event: 0.025 Loaded shared library C:\Program Files\AdoptOpenJDK\jdk-11.0.11.9-hotspot\bin\zip.dll


Dynamic libraries:
0x00007ff624250000 - 0x00007ff62425d000 	C:\Program Files\AdoptOpenJDK\jdk-11.0.11.9-hotspot\bin\javaw.exe
0x00007ffc8cb30000 - 0x00007ffc8cd25000 	C:\WINDOWS\SYSTEM32\ntdll.dll
0x00007ffc8b0a0000 - 0x00007ffc8b15d000 	C:\WINDOWS\System32\KERNEL32.DLL
0x00007ffc8a6b0000 - 0x00007ffc8a978000 	C:\WINDOWS\System32\KERNELBASE.dll
0x00007ffc8a980000 - 0x00007ffc8aa80000 	C:\WINDOWS\System32\ucrtbase.dll
0x00007ffc85d40000 - 0x00007ffc85d55000 	C:\Program Files\AdoptOpenJDK\jdk-11.0.11.9-hotspot\bin\VCRUNTIME140.dll
0x00007ffc85d60000 - 0x00007ffc85d77000 	C:\Program Files\AdoptOpenJDK\jdk-11.0.11.9-hotspot\bin\jli.dll
0x00007ffc8bc50000 - 0x00007ffc8bdf0000 	C:\WINDOWS\System32\USER32.dll
0x00007ffc8a420000 - 0x00007ffc8a442000 	C:\WINDOWS\System32\win32u.dll
0x00007ffc77420000 - 0x00007ffc776ba000 	C:\WINDOWS\WinSxS\amd64_microsoft.windows.common-controls_6595b64144ccf1df_6.0.19041.844_none_ca00b6081b84eb1d\COMCTL32.dll
0x00007ffc8bed0000 - 0x00007ffc8befa000 	C:\WINDOWS\System32\GDI32.dll
0x00007ffc8ba00000 - 0x00007ffc8ba9e000 	C:\WINDOWS\System32\msvcrt.dll
0x00007ffc8aa80000 - 0x00007ffc8ab8b000 	C:\WINDOWS\System32\gdi32full.dll
0x00007ffc8a4b0000 - 0x00007ffc8a54d000 	C:\WINDOWS\System32\msvcp_win.dll
0x00007ffc8c350000 - 0x00007ffc8c380000 	C:\WINDOWS\System32\IMM32.DLL
0x00007ffc78c20000 - 0x00007ffc78cbb000 	C:\Program Files\AdoptOpenJDK\jdk-11.0.11.9-hotspot\bin\msvcp140.dll
0x00007ffc2ee80000 - 0x00007ffc2f9cb000 	C:\Program Files\AdoptOpenJDK\jdk-11.0.11.9-hotspot\bin\server\jvm.dll
0x00007ffc8bdf0000 - 0x00007ffc8be9c000 	C:\WINDOWS\System32\ADVAPI32.dll
0x00007ffc8c4b0000 - 0x00007ffc8c54b000 	C:\WINDOWS\System32\sechost.dll
0x00007ffc8af70000 - 0x00007ffc8b09b000 	C:\WINDOWS\System32\RPCRT4.dll
0x00007ffc8bf70000 - 0x00007ffc8bf78000 	C:\WINDOWS\System32\PSAPI.DLL
0x00007ffc735d0000 - 0x00007ffc735d9000 	C:\WINDOWS\SYSTEM32\WSOCK32.dll
0x00007ffc77a80000 - 0x00007ffc77aa7000 	C:\WINDOWS\SYSTEM32\WINMM.dll
0x00007ffc834d0000 - 0x00007ffc834da000 	C:\WINDOWS\SYSTEM32\VERSION.dll
0x00007ffc8bf00000 - 0x00007ffc8bf6b000 	C:\WINDOWS\System32\WS2_32.dll
0x00007ffc88b00000 - 0x00007ffc88b12000 	C:\WINDOWS\SYSTEM32\kernel.appcore.dll
0x00007ffc834e0000 - 0x00007ffc834f0000 	C:\Program Files\AdoptOpenJDK\jdk-11.0.11.9-hotspot\bin\verify.dll
0x00007ffc87f10000 - 0x00007ffc880f4000 	C:\WINDOWS\SYSTEM32\DBGHELP.DLL
0x00007ffc73c30000 - 0x00007ffc73c5c000 	C:\WINDOWS\SYSTEM32\dbgcore.DLL
0x00007ffc8a580000 - 0x00007ffc8a600000 	C:\WINDOWS\System32\bcryptPrimitives.dll
0x00007ffc4db20000 - 0x00007ffc4db48000 	C:\Program Files\AdoptOpenJDK\jdk-11.0.11.9-hotspot\bin\java.dll
0x00007ffc82ba0000 - 0x00007ffc82baa000 	C:\Program Files\AdoptOpenJDK\jdk-11.0.11.9-hotspot\bin\jimage.dll
0x00007ffc4e6e0000 - 0x00007ffc4e6f7000 	C:\Program Files\AdoptOpenJDK\jdk-11.0.11.9-hotspot\bin\zip.dll

dbghelp: loaded successfully - version: 4.0.5 - missing functions: none
symbol engine: initialized successfully - sym options: 0x614 - pdb path: .;C:\Program Files\AdoptOpenJDK\jdk-11.0.11.9-hotspot\bin;C:\WINDOWS\SYSTEM32;C:\WINDOWS\WinSxS\amd64_microsoft.windows.common-controls_6595b64144ccf1df_6.0.19041.844_none_ca00b6081b84eb1d;C:\Program Files\AdoptOpenJDK\jdk-11.0.11.9-hotspot\bin\server

VM Arguments:
jvm_args: --module-path=D:\javafx\javafx-sdk-16\lib --add-modules=javafx.controls,javafx.fxml,javafx.web,javafx.swing,javafx.media -Dfile.encoding=Cp1252 
java_command: hust.soict.dsai.test.cart.CartTest
java_class_path (initial): D:\lab\OOP.DSAI.20202.20194460.PhamThanhTruong\AimsProjects\bin;C:\Users\Mr Pham Truong\.p2\pool\plugins\org.eclipse.fx.ide.css.jfx8_3.7.0.202010120832.jar;C:\Program Files\Java\jre1.8.0_281\lib\ext\jfxrt.jar
Launcher Type: SUN_STANDARD

[Global flags]
     intx CICompilerCount                          = 4                                         {product} {ergonomic}
     uint ConcGCThreads                            = 3                                         {product} {ergonomic}
     uint G1ConcRefinementThreads                  = 10                                        {product} {ergonomic}
   size_t G1HeapRegionSize                         = 1048576                                   {product} {ergonomic}
    uintx GCDrainStackTargetSize                   = 64                                        {product} {ergonomic}
   size_t InitialHeapSize                          = 134217728                                 {product} {ergonomic}
   size_t MarkStackSize                            = 4194304                                   {product} {ergonomic}
   size_t MaxHeapSize                              = 2116026368                                {product} {ergonomic}
   size_t MinHeapDeltaBytes                        = 1048576                                   {product} {ergonomic}
    uintx NonNMethodCodeHeapSize                   = 5836300                                {pd product} {ergonomic}
    uintx NonProfiledCodeHeapSize                  = 122910970                              {pd product} {ergonomic}
    uintx ProfiledCodeHeapSize                     = 122910970                              {pd product} {ergonomic}
    uintx ReservedCodeCacheSize                    = 251658240                              {pd product} {ergonomic}
     bool SegmentedCodeCache                       = true                                      {product} {ergonomic}
     bool UseCompressedClassPointers               = true                                 {lp64_product} {ergonomic}
     bool UseCompressedOops                        = true                                 {lp64_product} {ergonomic}
     bool UseG1GC                                  = true                                      {product} {ergonomic}
     bool UseLargePagesIndividualAllocation        = false                                  {pd product} {ergonomic}

Logging:
Log output configuration:
 #0: stdout all=warning uptime,level,tags
 #1: stderr all=off uptime,level,tags

Environment Variables:
JAVA_HOME=C:\Program Files\AdoptOpenJDK\jdk-11.0.11.9-hotspot
PATH=C:/Program Files/AdoptOpenJDK/jdk-11.0.11.9-hotspot/bin/client;C:/Program Files/AdoptOpenJDK/jdk-11.0.11.9-hotspot/bin;C:\Program Files\AdoptOpenJDK\jdk-11.0.11.9-hotspot\bin;C:\Windows\system32;C:\Windows;C:\Windows\System32\Wbem;C:\Windows\System32\WindowsPowerShell\v1.0\;C:\Windows\System32\OpenSSH\;C:\Program Files\NVIDIA Corporation\NVIDIA NvDLISR;C:\Program Files\Git\cmd;C:\Program Files\Java\jdk-15.0.1\bin;C:\Program Files\Microsoft SQL Server\Client SDK\ODBC\170\Tools\Binn\;C:\Program Files (x86)\Microsoft SQL Server\150\Tools\Binn\;C:\Program Files\Microsoft SQL Server\150\Tools\Binn\;C:\Program Files\Microsoft SQL Server\150\DTS\Binn\;C:\WINDOWS\system32;C:\WINDOWS;C:\WINDOWS\System32\Wbem;C:\WINDOWS\System32\WindowsPowerShell\v1.0\;C:\WINDOWS\System32\OpenSSH\;C:\Program Files (x86)\Microsoft SQL Server\150\DTS\Binn\;C:\Program Files\Azure Data Studio\bin;C:\Users\Mr Pham Truong\AppData\Local\Programs\Python\Python39\Scripts\;C:\Users\Mr Pham Truong\AppData\Local\Programs\Python\Python39\;C:\Users\Mr Pham Truong\AppData\Local\Programs\Python\Python38\Scripts\;C:\Users\Mr Pham Truong\AppData\Local\Programs\Python\Python38\;C:\Users\Mr Pham Truong\AppData\Local\Microsoft\;C:\Program Files\AdoptOpenJDK\jdk-11.0.11.9-hotspot\bin;C:\Program Files\Java\scripts;C:\Users\Mr Pham Truong\AppData\Local\Programs\Python\Python39\Scripts\;C:\Users\Mr Pham Truong\AppData\Local\Programs\Python\Python39\;C:\Users\Mr Pham Truong\AppData\Local\Programs\Python\Python38\Scripts\;C:\Users\Mr Pham Truong\AppData\Local\Programs\Python\Python38\;C:\Users\Mr Pham Truong\AppData\Local\Microsoft\WindowsApps;C:\Program Files\JetBrains\PyCharm Community Edition 2019.3.3\bin;;C:\Program Files\JetBrains\PyCharm 2019.3.4\bin;;C:\Users\Mr Pham Truong\AppData\Local\GitHubDesktop\bin;C:\Users\Mr Pham Truong\AppData\Local\Programs\Microsoft VS Code\bin;C:\Program Files\Azure Data Studio\bin;C:\Users\Mr Pham Truong\AppData\Local\Programs\Python\Python39;C:\Users\Mr Pham Truong\AppData\Local
USERNAME=Mr Pham Truong
OS=Windows_NT
PROCESSOR_IDENTIFIER=Intel64 Family 6 Model 158 Stepping 10, GenuineIntel



---------------  S Y S T E M  ---------------

OS: Windows 10 , 64 bit Build 19041 (10.0.19041.928)
OS uptime: 0 days 18:34 hours
Hyper-V role detected

CPU:total 12 (initial active 12) (6 cores per cpu, 2 threads per core) family 6 model 158 stepping 10 microcode 0xde, cmov, cx8, fxsr, mmx, sse, sse2, sse3, ssse3, sse4.1, sse4.2, popcnt, avx, avx2, aes, clmul, erms, 3dnowpref, lzcnt, ht, tsc, tscinvbit, bmi1, bmi2, adx, fma

Memory: 4k page, system-wide physical 8071M (673M free)
TotalPageFile size 32647M (AvailPageFile size 3M)
current process WorkingSet (physical memory assigned to process): 9M, peak: 9M
current process commit charge ("private bytes"): 194M, peak: 194M

vm_info: OpenJDK 64-Bit Server VM (11.0.11+9) for windows-amd64 JRE (11.0.11+9), built on Apr 20 2021 21:22:09 by "" with MS VC++ 15.9 (VS2017)

END.
